mode: atomic
github.com/nikogura/dbt/cmd/catalog/main.go:19.13,21.2 1 0
github.com/nikogura/dbt/cmd/catalog/cmd/list.go:32.47,34.17 2 0
github.com/nikogura/dbt/cmd/catalog/cmd/list.go:34.17,36.4 1 0
github.com/nikogura/dbt/cmd/catalog/cmd/list.go:38.3,41.17 3 0
github.com/nikogura/dbt/cmd/catalog/cmd/list.go:41.17,44.4 2 0
github.com/nikogura/dbt/cmd/catalog/cmd/list.go:48.13,50.2 1 0
github.com/nikogura/dbt/cmd/catalog/cmd/root.go:38.16,39.42 1 0
github.com/nikogura/dbt/cmd/catalog/cmd/root.go:39.42,42.3 2 0
github.com/nikogura/dbt/cmd/catalog/cmd/root.go:45.13,48.2 2 0
github.com/nikogura/dbt/cmd/dbt/cmd/root.go:47.13,51.2 3 0
github.com/nikogura/dbt/cmd/dbt/cmd/root.go:54.16,55.42 1 0
github.com/nikogura/dbt/cmd/dbt/cmd/root.go:55.42,58.3 2 0
github.com/nikogura/dbt/cmd/dbt/cmd/root.go:62.45,63.20 1 0
github.com/nikogura/dbt/cmd/dbt/cmd/root.go:63.20,65.17 2 0
github.com/nikogura/dbt/cmd/dbt/cmd/root.go:65.17,67.4 1 0
github.com/nikogura/dbt/cmd/dbt/cmd/root.go:68.3,68.13 1 0
github.com/nikogura/dbt/cmd/dbt/cmd/root.go:71.2,72.16 2 0
github.com/nikogura/dbt/cmd/dbt/cmd/root.go:72.16,74.3 1 0
github.com/nikogura/dbt/cmd/dbt/cmd/root.go:76.2,79.16 3 0
github.com/nikogura/dbt/cmd/dbt/cmd/root.go:79.16,81.3 1 0
github.com/nikogura/dbt/cmd/dbt/cmd/root.go:83.2,84.16 2 0
github.com/nikogura/dbt/cmd/dbt/cmd/root.go:84.16,86.3 1 0
github.com/nikogura/dbt/cmd/dbt/cmd/root.go:89.2,89.14 1 0
github.com/nikogura/dbt/cmd/dbt/cmd/root.go:89.14,92.17 2 0
github.com/nikogura/dbt/cmd/dbt/cmd/root.go:92.17,94.4 1 0
github.com/nikogura/dbt/cmd/dbt/cmd/root.go:96.3,97.17 2 0
github.com/nikogura/dbt/cmd/dbt/cmd/root.go:97.17,99.4 1 0
github.com/nikogura/dbt/cmd/dbt/cmd/root.go:101.3,101.10 1 0
github.com/nikogura/dbt/cmd/dbt/cmd/root.go:101.10,104.18 3 0
github.com/nikogura/dbt/cmd/dbt/cmd/root.go:104.18,107.5 2 0
github.com/nikogura/dbt/cmd/dbt/cmd/root.go:110.4,110.54 1 0
github.com/nikogura/dbt/cmd/dbt/cmd/root.go:114.2,115.16 2 0
github.com/nikogura/dbt/cmd/dbt/cmd/root.go:115.16,117.3 1 0
github.com/nikogura/dbt/cmd/reposerver/main.go:7.13,9.2 1 0
github.com/nikogura/dbt/cmd/dbt/main.go:7.13,9.2 1 0
github.com/nikogura/dbt/cmd/reposerver/cmd/root.go:44.13,49.2 4 0
github.com/nikogura/dbt/cmd/reposerver/cmd/root.go:52.16,53.42 1 0
github.com/nikogura/dbt/cmd/reposerver/cmd/root.go:53.42,56.3 2 0
github.com/nikogura/dbt/cmd/reposerver/cmd/root.go:60.45,63.22 2 0
github.com/nikogura/dbt/cmd/reposerver/cmd/root.go:63.22,65.17 2 0
github.com/nikogura/dbt/cmd/reposerver/cmd/root.go:65.17,67.4 1 0
github.com/nikogura/dbt/cmd/reposerver/cmd/root.go:69.3,69.11 1 0
github.com/nikogura/dbt/cmd/reposerver/cmd/root.go:71.8,77.3 1 0
github.com/nikogura/dbt/cmd/reposerver/cmd/root.go:79.2,79.17 1 0
github.com/nikogura/dbt/cmd/reposerver/cmd/root.go:79.17,81.3 1 0
github.com/nikogura/dbt/cmd/reposerver/cmd/root.go:83.2,84.16 2 0
github.com/nikogura/dbt/cmd/reposerver/cmd/root.go:84.16,86.3 1 0
